AntennaPod/AntennaPod-3.6.1/intermediates/manifest_merge_blame_file/freeDebug/manifest-merger-blame-free-debug-report.txt
1<?xml version="1.0" encoding="utf-8"?>
2<manifest xmlns:android="http://schemas.android.com/apk/res/android"
3    package="de.danoeh.antennapod.debug"
4    android:installLocation="auto"
5    android:versionCode="3060195"
6    android:versionName="3.6.1" >
7
8    <uses-sdk
9        android:minSdkVersion="21"
10        android:targetSdkVersion="34" />
11
12    <uses-permission android:name="android.permission.INTERNET" />
12-->src\main\AndroidManifest.xml:6:5-66
12-->src\main\AndroidManifest.xml:6:22-64
13    <uses-permission android:name="android.permission.WAKE_LOCK" />
13-->src\main\AndroidManifest.xml:7:5-67
13-->src\main\AndroidManifest.xml:7:22-65
14    <uses-permission android:name="android.permission.ACCESS_NETWORK_STATE" />
14-->src\main\AndroidManifest.xml:8:5-78
14-->src\main\AndroidManifest.xml:8:22-76
15    <uses-permission android:name="android.permission.FOREGROUND_SERVICE" />
15-->src\main\AndroidManifest.xml:9:5-76
15-->src\main\AndroidManifest.xml:9:22-74
16    <uses-permission android:name="android.permission.POST_NOTIFICATIONS" />
16-->src\main\AndroidManifest.xml:10:5-76
16-->src\main\AndroidManifest.xml:10:22-74
17    <uses-permission android:name="android.permission.ACCESS_WIFI_STATE" />
17-->src\main\AndroidManifest.xml:11:5-76
17-->src\main\AndroidManifest.xml:11:22-73
18    <uses-permission android:name="android.permission.RECEIVE_BOOT_COMPLETED" />
18-->src\main\AndroidManifest.xml:12:5-81
18-->src\main\AndroidManifest.xml:12:22-78
19    <uses-permission android:name="android.permission.BLUETOOTH" />
19-->src\main\AndroidManifest.xml:13:5-68
19-->src\main\AndroidManifest.xml:13:22-65
20    <uses-permission android:name="android.permission.VIBRATE" />
20-->src\main\AndroidManifest.xml:14:5-66
20-->src\main\AndroidManifest.xml:14:22-63
21
22    <supports-screens
22-->src\main\AndroidManifest.xml:16:5-21:39
23        android:anyDensity="true"
23-->src\main\AndroidManifest.xml:17:9-34
24        android:largeScreens="true"
24-->src\main\AndroidManifest.xml:18:9-36
25        android:normalScreens="true"
25-->src\main\AndroidManifest.xml:19:9-37
26        android:smallScreens="true"
26-->src\main\AndroidManifest.xml:20:9-36
27        android:xlargeScreens="true" />
27-->src\main\AndroidManifest.xml:21:9-37
28
29    <uses-feature
29-->src\main\AndroidManifest.xml:23:5-25:35
30        android:name="android.hardware.screen.portrait"
30-->src\main\AndroidManifest.xml:24:9-56
31        android:required="false" />
31-->src\main\AndroidManifest.xml:25:9-33
32    <uses-feature
32-->src\main\AndroidManifest.xml:26:5-28:35
33        android:name="android.hardware.touchscreen"
33-->src\main\AndroidManifest.xml:27:9-52
34        android:required="false" />
34-->src\main\AndroidManifest.xml:28:9-33
35
36    <uses-permission android:name="android.permission.FOREGROUND_SERVICE_MEDIA_PLAYBACK" />
36-->[:playback:service] AndroidManifest.xml:16:5-92
36-->[:playback:service] AndroidManifest.xml:16:22-89
37
38    <queries>
38-->[:playback:service] AndroidManifest.xml:18:5-24:15
39        <intent>
39-->[:playback:service] AndroidManifest.xml:19:9-23:18
40            <action android:name="android.intent.action.VIEW" />
40-->src\main\AndroidManifest.xml:103:17-69
40-->src\main\AndroidManifest.xml:103:25-66
41
42            <data android:scheme="https" />
42-->src\main\AndroidManifest.xml:108:17-111:46
42-->src\main\AndroidManifest.xml:111:21-43
43        </intent>
44
45        <provider
45-->[androidx.car.app:app:1.4.0-rc02] AndroidManifest.xml:24:9-27:43
46            android:name="androidx.car.app.connection.provider"
46-->[androidx.car.app:app:1.4.0-rc02] AndroidManifest.xml:25:13-64
47            android:authorities="androidx.car.app.connection" />
47-->[androidx.car.app:app:1.4.0-rc02] AndroidManifest.xml:26:13-62
48    </queries>
49
50    <permission
50-->[androidx.core:core:1.13.0] AndroidManifest.xml:22:5-24:47
51        android:name="de.danoeh.antennapod.debug.DYNAMIC_RECEIVER_NOT_EXPORTED_PERMISSION"
51-->[androidx.core:core:1.13.0] AndroidManifest.xml:23:9-81
52        android:protectionLevel="signature" />
52-->[androidx.core:core:1.13.0] AndroidManifest.xml:24:9-44
53
54    <uses-permission android:name="de.danoeh.antennapod.debug.DYNAMIC_RECEIVER_NOT_EXPORTED_PERMISSION" />
54-->[androidx.core:core:1.13.0] AndroidManifest.xml:26:5-97
54-->[androidx.core:core:1.13.0] AndroidManifest.xml:26:22-94
55
56    <application
56-->src\main\AndroidManifest.xml:30:5-304:19
57        android:name="de.danoeh.antennapod.PodcastApp"
57-->src\main\AndroidManifest.xml:31:9-55
58        android:allowAudioPlaybackCapture="true"
58-->src\main\AndroidManifest.xml:42:9-49
59        android:allowBackup="true"
59-->[:net:download:service] AndroidManifest.xml:14:9-35
60        android:appComponentFactory="androidx.core.app.CoreComponentFactory"
60-->[androidx.core:core:1.13.0] AndroidManifest.xml:28:18-86
61        android:backupAgent="de.danoeh.antennapod.storage.importexport.OpmlBackupAgent"
61-->src\main\AndroidManifest.xml:35:9-68
62        android:debuggable="true"
63        android:extractNativeLibs="true"
64        android:icon="@mipmap/ic_launcher"
64-->src\main\AndroidManifest.xml:32:9-43
65        android:label="@string/app_name"
65-->src\main\AndroidManifest.xml:34:9-41
66        android:localeConfig="@xml/locale_config"
66-->src\main\AndroidManifest.xml:43:9-50
67        android:logo="@mipmap/ic_launcher"
67-->src\main\AndroidManifest.xml:40:9-43
68        android:networkSecurityConfig="@xml/network_security_config"
68-->src\main\AndroidManifest.xml:44:9-69
69        android:resizeableActivity="true"
69-->src\main\AndroidManifest.xml:41:9-42
70        android:restoreAnyVersion="true"
70-->src\main\AndroidManifest.xml:36:9-41
71        android:roundIcon="@mipmap/ic_launcher"
71-->src\main\AndroidManifest.xml:33:9-48
72        android:supportsRtl="true"
72-->src\main\AndroidManifest.xml:39:9-35
73        android:theme="@style/Theme.AntennaPod.Splash"
73-->src\main\AndroidManifest.xml:37:9-55
74        android:usesCleartextTraffic="true" >
74-->src\main\AndroidManifest.xml:38:9-44
75        <activity
75-->src\main\AndroidManifest.xml:46:9-56:20
76            android:name="de.danoeh.antennapod.ui.screen.playback.PlaybackSpeedDialogActivity"
76-->src\main\AndroidManifest.xml:47:13-75
77            android:excludeFromRecents="true"
77-->src\main\AndroidManifest.xml:50:13-46
78            android:exported="false"
78-->src\main\AndroidManifest.xml:49:13-37
79            android:noHistory="true"
79-->src\main\AndroidManifest.xml:48:13-37
80            android:theme="@style/Theme.AntennaPod.Splash.Translucent" >
80-->src\main\AndroidManifest.xml:51:13-71
81            <intent-filter>
81-->src\main\AndroidManifest.xml:52:13-55:29
82                <action android:name="de.danoeh.antennapod.intents.PLAYBACK_SPEED" />
82-->src\main\AndroidManifest.xml:53:17-86
82-->src\main\AndroidManifest.xml:53:25-83
83
84                <category android:name="android.intent.category.DEFAULT" />
84-->src\main\AndroidManifest.xml:54:17-75
84-->src\main\AndroidManifest.xml:54:27-73
85            </intent-filter>
86        </activity>
87
88        <meta-data
88-->src\main\AndroidManifest.xml:58:9-59:35
89            android:name="android.webkit.WebView.MetricsOptOut"
89-->src\main\AndroidManifest.xml:58:20-71
90            android:value="true" />
90-->src\main\AndroidManifest.xml:59:13-33
91        <meta-data
91-->src\main\AndroidManifest.xml:60:9-61:59
92            android:name="com.google.android.gms.car.notification.SmallIcon"
92-->src\main\AndroidManifest.xml:60:20-84
93            android:resource="@drawable/ic_notification" />
93-->src\main\AndroidManifest.xml:61:13-57
94        <meta-data
94-->src\main\AndroidManifest.xml:62:9-64:58
95            android:name="com.google.android.gms.car.application"
95-->src\main\AndroidManifest.xml:63:13-66
96            android:resource="@xml/automotive_app_desc" />
96-->src\main\AndroidManifest.xml:64:13-56
97        <meta-data
97-->src\main\AndroidManifest.xml:65:9-67:81
98            android:name="com.google.android.backup.api_key"
98-->src\main\AndroidManifest.xml:66:13-61
99            android:value="AEdPqrEAAAAI3a05VToCTlqBymJrbFGaKQMvF-bBAuLsOdavBA" />
99-->src\main\AndroidManifest.xml:67:13-79
100        <meta-data
100-->src\main\AndroidManifest.xml:68:9-70:86
101            android:name="com.google.android.gms.cast.framework.OPTIONS_PROVIDER_CLASS_NAME"
101-->src\main\AndroidManifest.xml:69:13-93
102            android:value="de.danoeh.antennapod.playback.cast.CastOptionsProvider" />
102-->src\main\AndroidManifest.xml:70:13-83
103
104        <!-- Version < 3.0. DeX Mode and Screen Mirroring support -->
105        <meta-data
105-->src\main\AndroidManifest.xml:73:9-95
106            android:name="com.samsung.android.keepalive.density"
106-->src\main\AndroidManifest.xml:73:20-72
107            android:value="true" />
107-->src\main\AndroidManifest.xml:73:73-93
108        <!-- Version >= 3.0. DeX Dual Mode support -->
109        <meta-data
109-->src\main\AndroidManifest.xml:75:9-109
110            android:name="com.samsung.android.multidisplay.keep_process_alive"
110-->src\main\AndroidManifest.xml:75:20-86
111            android:value="true" />
111-->src\main\AndroidManifest.xml:75:87-107
112
113        <activity
113-->src\main\AndroidManifest.xml:77:9-94:20
114            android:name="de.danoeh.antennapod.activity.SplashActivity"
114-->src\main\AndroidManifest.xml:78:13-52
115            android:configChanges="keyboardHidden|orientation|screenSize"
115-->src\main\AndroidManifest.xml:79:13-74
116            android:exported="true" >
116-->src\main\AndroidManifest.xml:80:13-36
117            <intent-filter>
117-->src\main\AndroidManifest.xml:81:13-89:29
118                <action android:name="android.intent.action.MAIN" />
118-->src\main\AndroidManifest.xml:82:17-69
118-->src\main\AndroidManifest.xml:82:25-66
119                <action android:name="android.media.action.MEDIA_PLAY_FROM_SEARCH" />
119-->src\main\AndroidManifest.xml:83:17-86
119-->src\main\AndroidManifest.xml:83:25-83
120                <action android:name="android.intent.action.MUSIC_PLAYER" />
120-->src\main\AndroidManifest.xml:84:17-77
120-->src\main\AndroidManifest.xml:84:25-74
121
122                <category android:name="android.intent.category.DEFAULT" />
122-->src\main\AndroidManifest.xml:54:17-75
122-->src\main\AndroidManifest.xml:54:27-73
123                <category android:name="android.intent.category.LAUNCHER" />
123-->src\main\AndroidManifest.xml:87:17-77
123-->src\main\AndroidManifest.xml:87:27-74
124                <category android:name="android.intent.category.APP_MUSIC" />
124-->src\main\AndroidManifest.xml:88:17-78
124-->src\main\AndroidManifest.xml:88:27-75
125            </intent-filter>
126
127            <meta-data
127-->src\main\AndroidManifest.xml:91:13-93:53
128                android:name="android.app.shortcuts"
128-->src\main\AndroidManifest.xml:92:17-53
129                android:resource="@xml/shortcuts" />
129-->src\main\AndroidManifest.xml:93:17-50
130        </activity>
131        <activity
131-->src\main\AndroidManifest.xml:96:9-129:20
132            android:name="de.danoeh.antennapod.activity.MainActivity"
132-->src\main\AndroidManifest.xml:97:13-50
133            android:configChanges="keyboardHidden|orientation|screenSize|smallestScreenSize|screenLayout|density|uiMode|keyboard|navigation"
133-->src\main\AndroidManifest.xml:98:13-141
134            android:exported="true"
134-->src\main\AndroidManifest.xml:101:13-36
135            android:launchMode="singleTask"
135-->src\main\AndroidManifest.xml:100:13-44
136            android:windowSoftInputMode="stateAlwaysHidden" >
136-->src\main\AndroidManifest.xml:99:13-60
137            <intent-filter>
137-->src\main\AndroidManifest.xml:102:13-112:29
138                <action android:name="android.intent.action.VIEW" />
138-->src\main\AndroidManifest.xml:103:17-69
138-->src\main\AndroidManifest.xml:103:25-66
139
140                <category android:name="android.intent.category.DEFAULT" />
140-->src\main\AndroidManifest.xml:54:17-75
140-->src\main\AndroidManifest.xml:54:27-73
141                <category android:name="android.intent.category.BROWSABLE" />
141-->src\main\AndroidManifest.xml:106:17-78
141-->src\main\AndroidManifest.xml:106:27-75
142
143                <data
143-->src\main\AndroidManifest.xml:108:17-111:46
144                    android:host="antennapod.org"
144-->src\main\AndroidManifest.xml:109:21-50
145                    android:pathPrefix="/deeplink/main"
145-->src\main\AndroidManifest.xml:110:21-56
146                    android:scheme="https" />
146-->src\main\AndroidManifest.xml:111:21-43
147            </intent-filter>
148            <intent-filter>
148-->src\main\AndroidManifest.xml:113:13-123:29
149                <action android:name="android.intent.action.VIEW" />
149-->src\main\AndroidManifest.xml:103:17-69
149-->src\main\AndroidManifest.xml:103:25-66
150
151                <category android:name="android.intent.category.DEFAULT" />
151-->src\main\AndroidManifest.xml:54:17-75
151-->src\main\AndroidManifest.xml:54:27-73
152                <category android:name="android.intent.category.BROWSABLE" />
152-->src\main\AndroidManifest.xml:106:17-78
152-->src\main\AndroidManifest.xml:106:27-75
153
154                <data
154-->src\main\AndroidManifest.xml:108:17-111:46
155                    android:host="antennapod.org"
155-->src\main\AndroidManifest.xml:109:21-50
156                    android:pathPrefix="/deeplink/search"
156-->src\main\AndroidManifest.xml:110:21-56
157                    android:scheme="https" />
157-->src\main\AndroidManifest.xml:111:21-43
158            </intent-filter>
159            <intent-filter>
159-->src\main\AndroidManifest.xml:124:13-128:29
160                <category android:name="android.intent.category.DEFAULT" />
160-->src\main\AndroidManifest.xml:54:17-75
160-->src\main\AndroidManifest.xml:54:27-73
161
162                <action android:name="de.danoeh.antennapod.intents.MAIN_ACTIVITY" />
162-->src\main\AndroidManifest.xml:126:17-85
162-->src\main\AndroidManifest.xml:126:25-82
163                <action android:name="android.service.quicksettings.action.QS_TILE_PREFERENCES" />
163-->src\main\AndroidManifest.xml:127:17-98
163-->src\main\AndroidManifest.xml:127:25-96
164            </intent-filter>
165        </activity>
166        <activity
166-->src\main\AndroidManifest.xml:131:9-143:20
167            android:name="de.danoeh.antennapod.ui.screen.preferences.PreferenceActivity"
167-->src\main\AndroidManifest.xml:132:13-69
168            android:configChanges="keyboardHidden|orientation|screenSize"
168-->src\main\AndroidManifest.xml:133:13-74
169            android:enableOnBackInvokedCallback="true"
169-->src\main\AndroidManifest.xml:135:13-55
170            android:exported="false"
170-->src\main\AndroidManifest.xml:134:13-37
171            android:label="@string/settings_label" >
171-->src\main\AndroidManifest.xml:136:13-51
172            <meta-data
172-->src\main\AndroidManifest.xml:137:13-139:77
173                android:name="android.support.PARENT_ACTIVITY"
173-->src\main\AndroidManifest.xml:138:17-63
174                android:value="de.danoeh.antennapod.activity.MainActivity" />
174-->src\main\AndroidManifest.xml:139:17-75
175
176            <intent-filter>
176-->src\main\AndroidManifest.xml:140:13-142:29
177                <action android:name="android.intent.action.APPLICATION_PREFERENCES" />
177-->src\main\AndroidManifest.xml:141:17-88
177-->src\main\AndroidManifest.xml:141:25-85
178            </intent-filter>
179        </activity>
180        <activity
180-->src\main\AndroidManifest.xml:145:9-166:20
181            android:name="de.danoeh.antennapod.activity.OpmlImportActivity"
181-->src\main\AndroidManifest.xml:146:13-56
182            android:configChanges="keyboardHidden|orientation|screenSize"
182-->src\main\AndroidManifest.xml:147:13-74
183            android:exported="true"
183-->src\main\AndroidManifest.xml:149:13-36
184            android:label="@string/opml_import_label" >
184-->src\main\AndroidManifest.xml:148:13-54
185            <intent-filter>
185-->src\main\AndroidManifest.xml:150:13-165:29
186                <action android:name="android.intent.action.VIEW" />
186-->src\main\AndroidManifest.xml:103:17-69
186-->src\main\AndroidManifest.xml:103:25-66
187                <action android:name="android.intent.action.SEND" />
187-->src\main\AndroidManifest.xml:152:17-68
187-->src\main\AndroidManifest.xml:152:25-66
188
189                <category android:name="android.intent.category.DEFAULT" />
189-->src\main\AndroidManifest.xml:54:17-75
189-->src\main\AndroidManifest.xml:54:27-73
190                <category android:name="android.intent.category.BROWSABLE" />
190-->src\main\AndroidManifest.xml:106:17-78
190-->src\main\AndroidManifest.xml:106:27-75
191
192                <data android:mimeType="text/xml" />
192-->src\main\AndroidManifest.xml:108:17-111:46
192-->src\main\AndroidManifest.xml:157:23-50
193                <data android:mimeType="text/x-opml" />
193-->src\main\AndroidManifest.xml:108:17-111:46
193-->src\main\AndroidManifest.xml:157:23-50
194                <data android:mimeType="application/xml" />
194-->src\main\AndroidManifest.xml:108:17-111:46
194-->src\main\AndroidManifest.xml:157:23-50
195                <data android:scheme="file" />
195-->src\main\AndroidManifest.xml:108:17-111:46
195-->src\main\AndroidManifest.xml:111:21-43
196                <data android:scheme="content" />
196-->src\main\AndroidManifest.xml:108:17-111:46
196-->src\main\AndroidManifest.xml:111:21-43
197                <data android:scheme="http" />
197-->src\main\AndroidManifest.xml:108:17-111:46
197-->src\main\AndroidManifest.xml:111:21-43
198                <data android:scheme="https" />
198-->src\main\AndroidManifest.xml:108:17-111:46
198-->src\main\AndroidManifest.xml:111:21-43
199            </intent-filter>
200        </activity>
201        <activity
201-->src\main\AndroidManifest.xml:167:9-174:20
202            android:name="de.danoeh.antennapod.ui.screen.preferences.BugReportActivity"
202-->src\main\AndroidManifest.xml:168:13-68
203            android:enableOnBackInvokedCallback="true"
203-->src\main\AndroidManifest.xml:169:13-55
204            android:label="@string/bug_report_title" >
204-->src\main\AndroidManifest.xml:170:13-53
205            <meta-data
205-->src\main\AndroidManifest.xml:137:13-139:77
206                android:name="android.support.PARENT_ACTIVITY"
206-->src\main\AndroidManifest.xml:138:17-63
207                android:value="de.danoeh.antennapod.ui.screen.preferences.PreferenceActivity" />
207-->src\main\AndroidManifest.xml:139:17-75
208        </activity>
209        <activity
209-->src\main\AndroidManifest.xml:176:9-189:20
210            android:name="de.danoeh.antennapod.ui.screen.playback.video.VideoplayerActivity"
210-->src\main\AndroidManifest.xml:177:13-73
211            android:configChanges="keyboardHidden|orientation|screenSize|screenLayout|smallestScreenSize"
211-->src\main\AndroidManifest.xml:178:13-106
212            android:exported="false"
212-->src\main\AndroidManifest.xml:181:13-37
213            android:screenOrientation="sensorLandscape"
213-->src\main\AndroidManifest.xml:180:13-56
214            android:supportsPictureInPicture="true" >
214-->src\main\AndroidManifest.xml:179:13-52
215            <meta-data
215-->src\main\AndroidManifest.xml:137:13-139:77
216                android:name="android.support.PARENT_ACTIVITY"
216-->src\main\AndroidManifest.xml:138:17-63
217                android:value="de.danoeh.antennapod.activity.MainActivity" />
217-->src\main\AndroidManifest.xml:139:17-75
218
219            <intent-filter>
219-->src\main\AndroidManifest.xml:185:13-188:29
220                <action android:name="de.danoeh.antennapod.intents.VIDEO_PLAYER" />
220-->src\main\AndroidManifest.xml:186:17-84
220-->src\main\AndroidManifest.xml:186:25-81
221
222                <category android:name="android.intent.category.DEFAULT" />
222-->src\main\AndroidManifest.xml:54:17-75
222-->src\main\AndroidManifest.xml:54:27-73
223            </intent-filter>
224        </activity>
225        <activity
225-->src\main\AndroidManifest.xml:191:9-264:20
226            android:name="de.danoeh.antennapod.ui.screen.onlinefeedview.OnlineFeedViewActivity"
226-->src\main\AndroidManifest.xml:192:13-76
227            android:configChanges="orientation|screenSize"
227-->src\main\AndroidManifest.xml:193:13-59
228            android:exported="true"
228-->src\main\AndroidManifest.xml:196:13-36
229            android:label="@string/add_feed_label"
229-->src\main\AndroidManifest.xml:195:13-51
230            android:theme="@style/Theme.AntennaPod.Splash.Translucent" >
230-->src\main\AndroidManifest.xml:194:13-71
231            <meta-data
231-->src\main\AndroidManifest.xml:137:13-139:77
232                android:name="android.support.PARENT_ACTIVITY"
232-->src\main\AndroidManifest.xml:138:17-63
233                android:value="de.danoeh.antennapod.activity.MainActivity" />
233-->src\main\AndroidManifest.xml:139:17-75
234
235            <!-- Files with mimeType rss/xml/atom -->
236            <intent-filter>
236-->src\main\AndroidManifest.xml:202:13-214:29
237                <action android:name="android.intent.action.VIEW" />
237-->src\main\AndroidManifest.xml:103:17-69
237-->src\main\AndroidManifest.xml:103:25-66
238
239                <category android:name="android.intent.category.DEFAULT" />
239-->src\main\AndroidManifest.xml:54:17-75
239-->src\main\AndroidManifest.xml:54:27-73
240                <category android:name="android.intent.category.BROWSABLE" />
240-->src\main\AndroidManifest.xml:106:17-78
240-->src\main\AndroidManifest.xml:106:27-75
241
242                <data android:scheme="http" />
242-->src\main\AndroidManifest.xml:108:17-111:46
242-->src\main\AndroidManifest.xml:111:21-43
243                <data android:scheme="https" />
243-->src\main\AndroidManifest.xml:108:17-111:46
243-->src\main\AndroidManifest.xml:111:21-43
244                <data android:mimeType="text/xml" />
244-->src\main\AndroidManifest.xml:108:17-111:46
244-->src\main\AndroidManifest.xml:157:23-50
245                <data android:mimeType="application/rss+xml" />
245-->src\main\AndroidManifest.xml:108:17-111:46
245-->src\main\AndroidManifest.xml:157:23-50
246                <data android:mimeType="application/atom+xml" />
246-->src\main\AndroidManifest.xml:108:17-111:46
246-->src\main\AndroidManifest.xml:157:23-50
247                <data android:mimeType="application/xml" />
247-->src\main\AndroidManifest.xml:108:17-111:46
247-->src\main\AndroidManifest.xml:157:23-50
248            </intent-filter>
249
250            <!-- Podcast protocols -->
251            <intent-filter>
251-->src\main\AndroidManifest.xml:217:13-227:29
252                <action android:name="android.intent.action.VIEW" />
252-->src\main\AndroidManifest.xml:103:17-69
252-->src\main\AndroidManifest.xml:103:25-66
253
254                <category android:name="android.intent.category.DEFAULT" />
254-->src\main\AndroidManifest.xml:54:17-75
254-->src\main\AndroidManifest.xml:54:27-73
255                <category android:name="android.intent.category.BROWSABLE" />
255-->src\main\AndroidManifest.xml:106:17-78
255-->src\main\AndroidManifest.xml:106:27-75
256
257                <data android:scheme="itpc" />
257-->src\main\AndroidManifest.xml:108:17-111:46
257-->src\main\AndroidManifest.xml:111:21-43
258                <data android:scheme="pcast" />
258-->src\main\AndroidManifest.xml:108:17-111:46
258-->src\main\AndroidManifest.xml:111:21-43
259                <data android:scheme="feed" />
259-->src\main\AndroidManifest.xml:108:17-111:46
259-->src\main\AndroidManifest.xml:111:21-43
260                <data android:scheme="antennapod-subscribe" />
260-->src\main\AndroidManifest.xml:108:17-111:46
260-->src\main\AndroidManifest.xml:111:21-43
261            </intent-filter>
262            <intent-filter android:autoVerify="true" >
262-->src\main\AndroidManifest.xml:229:13-239:29
262-->src\main\AndroidManifest.xml:229:28-53
263                <action android:name="android.intent.action.VIEW" />
263-->src\main\AndroidManifest.xml:103:17-69
263-->src\main\AndroidManifest.xml:103:25-66
264
265                <category android:name="android.intent.category.DEFAULT" />
265-->src\main\AndroidManifest.xml:54:17-75
265-->src\main\AndroidManifest.xml:54:27-73
266                <category android:name="android.intent.category.BROWSABLE" />
266-->src\main\AndroidManifest.xml:106:17-78
266-->src\main\AndroidManifest.xml:106:27-75
267
268                <data android:host="antennapod.org" />
268-->src\main\AndroidManifest.xml:108:17-111:46
268-->src\main\AndroidManifest.xml:109:21-50
269                <data android:pathPrefix="/deeplink/subscribe" />
269-->src\main\AndroidManifest.xml:108:17-111:46
269-->src\main\AndroidManifest.xml:110:21-56
270                <data android:scheme="http" />
270-->src\main\AndroidManifest.xml:108:17-111:46
270-->src\main\AndroidManifest.xml:111:21-43
271                <data android:scheme="https" />
271-->src\main\AndroidManifest.xml:108:17-111:46
271-->src\main\AndroidManifest.xml:111:21-43
272            </intent-filter>
273            <intent-filter android:autoVerify="true" >
273-->src\main\AndroidManifest.xml:241:13-250:29
273-->src\main\AndroidManifest.xml:241:28-53
274                <action android:name="android.intent.action.VIEW" />
274-->src\main\AndroidManifest.xml:103:17-69
274-->src\main\AndroidManifest.xml:103:25-66
275
276                <category android:name="android.intent.category.DEFAULT" />
276-->src\main\AndroidManifest.xml:54:17-75
276-->src\main\AndroidManifest.xml:54:27-73
277                <category android:name="android.intent.category.BROWSABLE" />
277-->src\main\AndroidManifest.xml:106:17-78
277-->src\main\AndroidManifest.xml:106:27-75
278
279                <data android:pathPattern="/.*\\..*/.*" />
279-->src\main\AndroidManifest.xml:108:17-111:46
279-->src\main\AndroidManifest.xml:247:23-56
280                <data android:host="www.subscribeonandroid.com" />
280-->src\main\AndroidManifest.xml:108:17-111:46
280-->src\main\AndroidManifest.xml:109:21-50
281                <data android:scheme="https" />
281-->src\main\AndroidManifest.xml:108:17-111:46
281-->src\main\AndroidManifest.xml:111:21-43
282            </intent-filter>
283            <intent-filter>
283-->src\main\AndroidManifest.xml:252:13-258:29
284                <action android:name="android.intent.action.SEND" />
284-->src\main\AndroidManifest.xml:152:17-68
284-->src\main\AndroidManifest.xml:152:25-66
285
286                <category android:name="android.intent.category.DEFAULT" />
286-->src\main\AndroidManifest.xml:54:17-75
286-->src\main\AndroidManifest.xml:54:27-73
287
288                <data android:mimeType="text/plain" />
288-->src\main\AndroidManifest.xml:108:17-111:46
288-->src\main\AndroidManifest.xml:157:23-50
289            </intent-filter>
290            <intent-filter>
290-->src\main\AndroidManifest.xml:260:13-263:29
291                <category android:name="android.intent.category.DEFAULT" />
291-->src\main\AndroidManifest.xml:54:17-75
291-->src\main\AndroidManifest.xml:54:27-73
292
293                <action android:name="de.danoeh.antennapod.intents.ONLINE_FEEDVIEW" />
293-->src\main\AndroidManifest.xml:262:17-87
293-->src\main\AndroidManifest.xml:262:25-84
294            </intent-filter>
295        </activity>
296        <activity
296-->src\main\AndroidManifest.xml:266:9-274:20
297            android:name="de.danoeh.antennapod.activity.SelectSubscriptionActivity"
297-->src\main\AndroidManifest.xml:266:19-70
298            android:exported="true"
298-->src\main\AndroidManifest.xml:270:13-36
299            android:icon="@drawable/ic_shortcut_subscriptions"
299-->src\main\AndroidManifest.xml:268:13-63
300            android:label="@string/shortcut_subscription_label"
300-->src\main\AndroidManifest.xml:267:13-64
301            android:theme="@style/Theme.AntennaPod.Splash.Translucent" >
301-->src\main\AndroidManifest.xml:269:13-71
302            <intent-filter>
302-->src\main\AndroidManifest.xml:271:13-273:29
303                <action android:name="android.intent.action.CREATE_SHORTCUT" />
303-->src\main\AndroidManifest.xml:272:17-80
303-->src\main\AndroidManifest.xml:272:25-77
304            </intent-filter>
305        </activity>
306
307        <receiver
307-->src\main\AndroidManifest.xml:276:9-282:20
308            android:name="de.danoeh.antennapod.spa.SPAReceiver"
308-->src\main\AndroidManifest.xml:277:13-44
309            android:exported="true" >
309-->src\main\AndroidManifest.xml:278:13-36
310            <intent-filter>
310-->src\main\AndroidManifest.xml:279:13-281:29
311                <action android:name="de.danoeh.antennapdsp.intent.SP_APPS_QUERY_FEEDS_RESPONSE" />
311-->src\main\AndroidManifest.xml:280:17-99
311-->src\main\AndroidManifest.xml:280:25-97
312            </intent-filter>
313        </receiver>
314
315        <provider
315-->src\main\AndroidManifest.xml:284:9-292:20
316            android:name="androidx.core.content.FileProvider"
316-->src\main\AndroidManifest.xml:286:13-62
317            android:authorities="@string/provider_authority"
317-->src\main\AndroidManifest.xml:285:13-61
318            android:exported="false"
318-->src\main\AndroidManifest.xml:287:13-37
319            android:grantUriPermissions="true" >
319-->src\main\AndroidManifest.xml:288:13-47
320            <meta-data
320-->src\main\AndroidManifest.xml:289:13-291:57
321                android:name="android.support.FILE_PROVIDER_PATHS"
321-->src\main\AndroidManifest.xml:290:17-67
322                android:resource="@xml/provider_paths" />
322-->src\main\AndroidManifest.xml:291:17-55
323        </provider>
324
325        <meta-data
325-->src\main\AndroidManifest.xml:294:9-297:47